#
# A fatal error has been detected by the Java Runtime Environment:
#
#  Internal Error (javaCalls.cpp:51), pid=4413, tid=0x0000000000005203
#  guarantee(thread->is_Java_thread()) failed: crucial check - the VM thread cannot and must not escape to Java code
#
# JRE version: Java(TM) SE Runtime Environment (8.0_191-b12) (build 1.8.0_191-b12)
# Java VM: Java HotSpot(TM) 64-Bit Server VM (25.191-b12 mixed mode bsd-amd64 compressed oops)
# Failed to write core dump. Core dumps have been disabled. To enable core dumping, try "ulimit -c unlimited" before starting Java again
#
# If you would like to submit a bug report, please visit:
#   http://bugreport.java.com/bugreport/crash.jsp
#

---------------  T H R E A D  ---------------

Current thread (0x00007fb1c2044000):  VMThread [stack: 0x000070000dbd5000,0x000070000dcd5000] [id=20995]

Stack: [0x000070000dbd5000,0x000070000dcd5000],  sp=0x000070000dcd3a50,  free space=1018k
Native frames: (J=compiled Java code, j=interpreted, Vv=VM code, C=native code)
V  [libjvm.dylib+0x5b55da]
V  [libjvm.dylib+0x1e8ec9]
V  [libjvm.dylib+0x2ef0a0]
V  [libjvm.dylib+0x2ef958]
V  [libjvm.dylib+0x2efe8b]
V  [libjvm.dylib+0x243885]
V  [libjvm.dylib+0x243980]
V  [libjvm.dylib+0x243bdf]
V  [libjvm.dylib+0x243bfa]
V  [libjvm.dylib+0x2878cb]
V  [libjvm.dylib+0x28795b]
V  [libjvm.dylib+0x287c77]
V  [libjvm.dylib+0x288fb1]
V  [libjvm.dylib+0x28a530]
V  [libjvm.dylib+0x28a77f]
V  [libjvm.dylib+0x28ad16]
V  [libjvm.dylib+0x28b12f]
V  [libjvm.dylib+0x48506d]
V  [libjvm.dylib+0x485276]
V  [libjvm.dylib+0x485457]
V  [libjvm.dylib+0x48570e]
V  [libjvm.dylib+0x2c2848]
V  [libjvm.dylib+0x452da9]
V  [libjvm.dylib+0x39ad03]
V  [libjvm.dylib+0x5bd259]
V  [libjvm.dylib+0x5bb7f1]
V  [libjvm.dylib+0x5bbc3e]
V  [libjvm.dylib+0x5bb55d]
V  [libjvm.dylib+0x48e0be]
C  [libsystem_pthread.dylib+0x333d]  _pthread_body+0x7e
C  [libsystem_pthread.dylib+0x62a7]  _pthread_start+0x46
C  [libsystem_pthread.dylib+0x2425]  thread_start+0xd

VM_Operation (0x000070000e0e0958): GetOrSetLocal, mode: safepoint, requested by thread 0x00007fb1c2842800


---------------  P R O C E S S  ---------------

Java Threads: ( => current thread )
  0x00007fb1c2851000 JavaThread "Service Thread" daemon [_thread_blocked, id=15619, stack(0x000070000e5f3000,0x000070000e6f3000)]
  0x00007fb1c1879000 JavaThread "C1 CompilerThread2" daemon [_thread_blocked, id=15107, stack(0x000070000e4f0000,0x000070000e5f0000)]
  0x00007fb1c1878800 JavaThread "C2 CompilerThread1" daemon [_thread_blocked, id=17667, stack(0x000070000e3ed000,0x000070000e4ed000)]
  0x00007fb1c182c800 JavaThread "C2 CompilerThread0" daemon [_thread_blocked, id=17923, stack(0x000070000e2ea000,0x000070000e3ea000)]
  0x00007fb1c2047800 JavaThread "JDWP Command Reader" daemon [_thread_in_native, id=18179, stack(0x000070000e1e7000,0x000070000e2e7000)]
  0x00007fb1c2843000 JavaThread "JDWP Event Helper Thread" daemon [_thread_blocked, id=18435, stack(0x000070000e0e4000,0x000070000e1e4000)]
  0x00007fb1c2842800 JavaThread "JDWP Transport Listener: dt_socket" daemon [_thread_blocked, id=13575, stack(0x000070000dfe1000,0x000070000e0e1000)]
  0x00007fb1c180a800 JavaThread "Signal Dispatcher" daemon [_thread_blocked, id=18947, stack(0x000070000dede000,0x000070000dfde000)]
  0x00007fb1c2805000 JavaThread "Finalizer" daemon [_thread_blocked, id=20483, stack(0x000070000dddb000,0x000070000dedb000)]
  0x00007fb1c2803800 JavaThread "Reference Handler" daemon [_thread_blocked, id=20739, stack(0x000070000dcd8000,0x000070000ddd8000)]
  0x00007fb1c1808800 JavaThread "main" [_thread_blocked, id=9987, stack(0x000070000d6c6000,0x000070000d7c6000)]

Other Threads:
=>0x00007fb1c2044000 VMThread [stack: 0x000070000dbd5000,0x000070000dcd5000] [id=20995]
  0x00007fb1c18a4800 WatcherThread [stack: 0x000070000e6f6000,0x000070000e7f6000] [id=16131]

VM state:at safepoint (normal execution)

VM Mutex/Monitor currently owned by a thread:  ([mutex/lock_event])
[0x00007fb1c0f026c0] Threads_lock - owner thread: 0x00007fb1c2044000

Heap:
 PSYoungGen      total 38400K, used 7377K [0x0000000795580000, 0x0000000798000000, 0x00000007c0000000)
  eden space 33280K, 22% used [0x0000000795580000,0x0000000795cb45d8,0x0000000797600000)
  from space 5120K, 0% used [0x0000000797b00000,0x0000000797b00000,0x0000000798000000)
  to   space 5120K, 0% used [0x0000000797600000,0x0000000797600000,0x0000000797b00000)
 ParOldGen       total 87552K, used 0K [0x0000000740000000, 0x0000000745580000, 0x0000000795580000)
  object space 87552K, 0% used [0x0000000740000000,0x0000000740000000,0x0000000745580000)
 Metaspace       used 5549K, capacity 5726K, committed 5760K, reserved 1056768K
  class space    used 590K, capacity 629K, committed 640K, reserved 1048576K

Card table byte_map: [0x000000010ab74000,0x000000010af75000] byte_map_base: 0x0000000107174000

Marking Bits: (ParMarkBitMap*) 0x000000010a0f9e00
 Begin Bits: [0x000000010b220000, 0x000000010d220000)
 End Bits:   [0x000000010d220000, 0x000000010f220000)

Polling page: 0x0000000108e93000

CodeCache: size=245760Kb used=1513Kb max_used=1513Kb free=244246Kb
 bounds [0x0000000115087000, 0x00000001152f7000, 0x0000000124087000]
 total_blobs=460 nmethods=172 adapters=210
 compilation: enabled

Compilation events (10 events):
Event: 876.312 Thread 0x00007fb1c1879000  168       3       sun.misc.VM::allowArraySyntax (4 bytes)
Event: 876.312 Thread 0x00007fb1c1879000 nmethod 168 0x00000001152005d0 code [0x0000000115200720, 0x0000000115200870]
Event: 1039.372 Thread 0x00007fb1c1879000  169       3       org.eclipse.jdt.launching.internal.org.objectweb.asm.ClassReader::createLabel (21 bytes)
Event: 1039.372 Thread 0x00007fb1c1879000 nmethod 169 0x00000001152008d0 code [0x0000000115200a60, 0x0000000115200f30]
Event: 1039.372 Thread 0x00007fb1c1879000  170       3       org.eclipse.jdt.launching.internal.org.objectweb.asm.ByteVector::putInt (74 bytes)
Event: 1039.373 Thread 0x00007fb1c1879000 nmethod 170 0x0000000115201290 code [0x0000000115201400, 0x00000001152016a8]
Event: 1140.209 Thread 0x00007fb1c1879000  171       1       java.lang.Integer::intValue (5 bytes)
Event: 1140.209 Thread 0x00007fb1c1879000 nmethod 171 0x0000000115201850 code [0x00000001152019a0, 0x0000000115201ab0]
Event: 1140.209 Thread 0x00007fb1c1879000  172       3       org.eclipse.jdt.launching.internal.org.objectweb.asm.MethodWriter::visitLineNumber (50 bytes)
Event: 1140.211 Thread 0x00007fb1c1879000 nmethod 172 0x0000000115201b10 code [0x0000000115201ca0, 0x00000001152020f8]

GC Heap History (0 events):
No events

Deoptimization events (0 events):
No events

Classes redefined (10 events):
Event: 531.533 Thread 0x00007fb1c2044000 redefined class name=Weihnachtsbaum, count=9
Event: 706.498 Thread 0x00007fb1c2044000 redefined class name=Weihnachtsbaum, count=10
Event: 729.457 Thread 0x00007fb1c2044000 redefined class name=Weihnachtsbaum, count=11
Event: 744.173 Thread 0x00007fb1c2044000 redefined class name=Weihnachtsbaum, count=12
Event: 769.496 Thread 0x00007fb1c2044000 redefined class name=Weihnachtsbaum, count=13
Event: 876.312 Thread 0x00007fb1c2044000 redefined class name=Weihnachtsbaum, count=14
Event: 922.524 Thread 0x00007fb1c2044000 redefined class name=Weihnachtsbaum, count=15
Event: 1039.373 Thread 0x00007fb1c2044000 redefined class name=Weihnachtsbaum, count=16
Event: 1126.709 Thread 0x00007fb1c2044000 redefined class name=Weihnachtsbaum, count=17
Event: 1140.211 Thread 0x00007fb1c2044000 redefined class name=Weihnachtsbaum, count=18

Internal exceptions (6 events):
Event: 0.040 Thread 0x00007fb1c1808800 Exception <a 'java/lang/NoSuchMethodError': Method sun.misc.Unsafe.defineClass(Ljava/lang/String;[BII)Ljava/lang/Class; name or signature does not match> (0x0000000795587cb0) thrown at [/Users/java_re/workspace/8-2-build-macosx-x86_64/jdk8u191/11896/hotsp
Event: 0.041 Thread 0x00007fb1c1808800 Exception <a 'java/lang/NoSuchMethodError': Method sun.misc.Unsafe.prefetchRead(Ljava/lang/Object;J)V name or signature does not match> (0x0000000795587f98) thrown at [/Users/java_re/workspace/8-2-build-macosx-x86_64/jdk8u191/11896/hotspot/src/share/vm/pr
Event: 0.427 Thread 0x00007fb1c1808800 Exception <a 'java/security/PrivilegedActionException'> (0x0000000795b935a8) thrown at [/Users/java_re/workspace/8-2-build-macosx-x86_64/jdk8u191/11896/hotspot/src/share/vm/prims/jvm.cpp, line 1435]
Event: 0.427 Thread 0x00007fb1c1808800 Exception <a 'java/security/PrivilegedActionException'> (0x0000000795b939a0) thrown at [/Users/java_re/workspace/8-2-build-macosx-x86_64/jdk8u191/11896/hotspot/src/share/vm/prims/jvm.cpp, line 1435]
Event: 0.427 Thread 0x00007fb1c1808800 Exception <a 'java/security/PrivilegedActionException'> (0x0000000795b96eb8) thrown at [/Users/java_re/workspace/8-2-build-macosx-x86_64/jdk8u191/11896/hotspot/src/share/vm/prims/jvm.cpp, line 1435]
Event: 0.427 Thread 0x00007fb1c1808800 Exception <a 'java/security/PrivilegedActionException'> (0x0000000795b972b0) thrown at [/Users/java_re/workspace/8-2-build-macosx-x86_64/jdk8u191/11896/hotspot/src/share/vm/prims/jvm.cpp, line 1435]

Events (10 events):
Event: 1126.811 Executing VM operation: GetCurrentContendedMonitor done
Event: 1140.210 Executing VM operation: RedefineClasses
Event: 1140.211 Executing VM operation: RedefineClasses done
Event: 1140.213 Executing VM operation: ChangeBreakpoints
Event: 1140.213 Executing VM operation: ChangeBreakpoints done
Event: 1140.256 Executing VM operation: GetOwnedMonitorInfo
Event: 1140.256 Executing VM operation: GetOwnedMonitorInfo done
Event: 1140.257 Executing VM operation: GetCurrentContendedMonitor
Event: 1140.257 Executing VM operation: GetCurrentContendedMonitor done
Event: 1240.567 Executing VM operation: GetOrSetLocal


Dynamic libraries:
0x00007fff500c6000 	/System/Library/Frameworks/Cocoa.framework/Versions/A/Cocoa
0x00007fff5c346000 	/System/Library/Frameworks/Security.framework/Versions/A/Security
0x00007fff4ecd0000 	/System/Library/Frameworks/ApplicationServices.framework/Versions/A/ApplicationServices
0x00007fff7d7b7000 	/usr/lib/libz.1.dylib
0x00007fff7ae2d000 	/usr/lib/libSystem.B.dylib
0x00007fff7c8d4000 	/usr/lib/libobjc.A.dylib
0x00007fff508e8000 	/System/Library/Frameworks/CoreFoundation.framework/Versions/A/CoreFoundation
0x00007fff52c67000 	/System/Library/Frameworks/Foundation.framework/Versions/C/Foundation
0x00007fff4de5f000 	/System/Library/Frameworks/AppKit.framework/Versions/C/AppKit
0x00007fff5045d000 	/System/Library/Frameworks/CoreData.framework/Versions/A/CoreData
0x00007fff7401f000 	/System/Library/PrivateFrameworks/RemoteViewServices.framework/Versions/A/RemoteViewServices
0x00007fff78b08000 	/System/Library/PrivateFrameworks/UIFoundation.framework/Versions/A/UIFoundation
0x00007fff7a2b4000 	/System/Library/PrivateFrameworks/XCTTargetBootstrap.framework/Versions/A/XCTTargetBootstrap
0x00007fff6eb7e000 	/System/Library/PrivateFrameworks/IconServices.framework/Versions/A/IconServices
0x00007fff5550c000 	/System/Library/Frameworks/Metal.framework/Versions/A/Metal
0x00007fff65e10000 	/System/Library/PrivateFrameworks/DesktopServicesPriv.framework/Versions/A/DesktopServicesPriv
0x00007fff7bbe8000 	/usr/lib/libenergytrace.dylib
0x00007fff76881000 	/System/Library/PrivateFrameworks/SkyLight.framework/Versions/A/SkyLight
0x00007fff50d39000 	/System/Library/Frameworks/CoreGraphics.framework/Versions/A/CoreGraphics
0x00007fff4cc1a000 	/System/Library/Frameworks/Accelerate.framework/Versions/A/Accelerate
0x00007fff533ed000 	/System/Library/Frameworks/IOSurface.framework/Versions/A/IOSurface
0x00007fff65c72000 	/System/Library/PrivateFrameworks/DFRFoundation.framework/Versions/A/DFRFoundation
0x00007fff4f1d5000 	/System/Library/Frameworks/AudioToolbox.framework/Versions/A/AudioToolbox
0x00007fff4f473000 	/System/Library/Frameworks/AudioUnit.framework/Versions/A/AudioUnit
0x00007fff65d09000 	/System/Library/PrivateFrameworks/DataDetectorsCore.framework/Versions/A/DataDetectorsCore
0x00007fff4fbb2000 	/System/Library/Frameworks/Carbon.framework/Versions/A/Frameworks/HIToolbox.framework/Versions/A/HIToolbox
0x00007fff7bd43000 	/usr/lib/libicucore.A.dylib
0x00007fff5b8a2000 	/System/Library/Frameworks/QuartzCore.framework/Versions/A/QuartzCore
0x00007fff4ff99000 	/System/Library/Frameworks/Carbon.framework/Versions/A/Frameworks/SpeechRecognition.framework/Versions/A/SpeechRecognition
0x00007fff7af90000 	/usr/lib/libauto.dylib
0x00007fff7d6aa000 	/usr/lib/libxml2.2.dylib
0x00007fff65877000 	/System/Library/PrivateFrameworks/CoreUI.framework/Versions/A/CoreUI
0x00007fff5033b000 	/System/Library/Frameworks/CoreAudio.framework/Versions/A/CoreAudio
0x00007fff52a99000 	/System/Library/Frameworks/DiskArbitration.framework/Versions/A/DiskArbitration
0x00007fff7bff3000 	/usr/lib/liblangid.dylib
0x00007fff70028000 	/System/Library/PrivateFrameworks/MultitouchSupport.framework/Versions/A/MultitouchSupport
0x00007fff5335a000 	/System/Library/Frameworks/IOKit.framework/Versions/A/IOKit
0x00007fff7aa7b000 	/usr/lib/libDiagnosticMessagesClient.dylib
0x00007fff51ba4000 	/System/Library/Frameworks/CoreServices.framework/Versions/A/CoreServices
0x00007fff71d52000 	/System/Library/PrivateFrameworks/PerformanceAnalysis.framework/Versions/A/PerformanceAnalysis
0x00007fff5aa37000 	/System/Library/Frameworks/OpenGL.framework/Versions/A/OpenGL
0x00007fff500d4000 	/System/Library/Frameworks/ColorSync.framework/Versions/A/ColorSync
0x00007fff513c8000 	/System/Library/Frameworks/CoreImage.framework/Versions/A/CoreImage
0x00007fff525e2000 	/System/Library/Frameworks/CoreText.framework/Versions/A/CoreText
0x00007fff5344e000 	/System/Library/Frameworks/ImageIO.framework/Versions/A/ImageIO
0x00007fff61eed000 	/System/Library/PrivateFrameworks/Backup.framework/Versions/A/Backup
0x00007fff7aee3000 	/usr/lib/libarchive.2.dylib
0x00007fff4f7d7000 	/System/Library/Frameworks/CFNetwork.framework/Versions/A/CFNetwork
0x00007fff5caef000 	/System/Library/Frameworks/SystemConfiguration.framework/Versions/A/SystemConfiguration
0x00007fff7a9a4000 	/usr/lib/libCRFSuite.dylib
0x00007fff7b088000 	/usr/lib/libc++.1.dylib
0x00007fff7b0e0000 	/usr/lib/libc++abi.dylib
0x00007fff7d83a000 	/usr/lib/system/libcache.dylib
0x00007fff7d83f000 	/usr/lib/system/libcommonCrypto.dylib
0x00007fff7d84a000 	/usr/lib/system/libcompiler_rt.dylib
0x00007fff7d852000 	/usr/lib/system/libcopyfile.dylib
0x00007fff7d85c000 	/usr/lib/system/libcorecrypto.dylib
0x00007fff7d966000 	/usr/lib/system/libdispatch.dylib
0x00007fff7d9a1000 	/usr/lib/system/libdyld.dylib
0x00007fff7d9d1000 	/usr/lib/system/libkeymgr.dylib
0x00007fff7d9df000 	/usr/lib/system/liblaunch.dylib
0x00007fff7d9e0000 	/usr/lib/system/libmacho.dylib
0x00007fff7d9e6000 	/usr/lib/system/libquarantine.dylib
0x00007fff7d9e9000 	/usr/lib/system/libremovefile.dylib
0x00007fff7d9eb000 	/usr/lib/system/libsystem_asl.dylib
0x00007fff7da03000 	/usr/lib/system/libsystem_blocks.dylib
0x00007fff7da04000 	/usr/lib/system/libsystem_c.dylib
0x00007fff7da8d000 	/usr/lib/system/libsystem_configuration.dylib
0x00007fff7da91000 	/usr/lib/system/libsystem_coreservices.dylib
0x00007fff7da95000 	/usr/lib/system/libsystem_darwin.dylib
0x00007fff7da9c000 	/usr/lib/system/libsystem_dnssd.dylib
0x00007fff7daa3000 	/usr/lib/system/libsystem_info.dylib
0x00007fff7db18000 	/usr/lib/system/libsystem_m.dylib
0x00007fff7db64000 	/usr/lib/system/libsystem_malloc.dylib
0x00007fff7db89000 	/usr/lib/system/libsystem_networkextension.dylib
0x00007fff7db95000 	/usr/lib/system/libsystem_notify.dylib
0x00007fff7dbb2000 	/usr/lib/system/libsystem_sandbox.dylib
0x00007fff7dbb6000 	/usr/lib/system/libsystem_secinit.dylib
0x00007fff7daf0000 	/usr/lib/system/libsystem_kernel.dylib
0x00007fff7db9d000 	/usr/lib/system/libsystem_platform.dylib
0x00007fff7dba7000 	/usr/lib/system/libsystem_pthread.dylib
0x00007fff7dbb9000 	/usr/lib/system/libsystem_symptoms.dylib
0x00007fff7dbc1000 	/usr/lib/system/libsystem_trace.dylib
0x00007fff7dbd8000 	/usr/lib/system/libunwind.dylib
0x00007fff7dbde000 	/usr/lib/system/libxpc.dylib
0x00007fff7b068000 	/usr/lib/libbsm.0.dylib
0x00007fff7d9d2000 	/usr/lib/system/libkxld.dylib
0x00007fff611a9000 	/System/Library/PrivateFrameworks/AppleFSCompression.framework/Versions/A/AppleFSCompression
0x00007fff7acec000 	/usr/lib/libOpenScriptingUtil.dylib
0x00007fff7b3cb000 	/usr/lib/libcoretls.dylib
0x00007fff7b3e2000 	/usr/lib/libcoretls_cfhelpers.dylib
0x00007fff7d06d000 	/usr/lib/libpam.2.dylib
0x00007fff7d230000 	/usr/lib/libsqlite3.dylib
0x00007fff7d698000 	/usr/lib/libxar.1.dylib
0x00007fff7b079000 	/usr/lib/libbz2.1.0.dylib
0x00007fff7bff5000 	/usr/lib/liblzma.5.dylib
0x00007fff7c4eb000 	/usr/lib/libnetwork.dylib
0x00007fff7aecc000 	/usr/lib/libapple_nghttp2.dylib
0x00007fff7d074000 	/usr/lib/libpcap.A.dylib
0x00007fff51f48000 	/System/Library/Frameworks/CoreServices.framework/Versions/A/Frameworks/FSEvents.framework/Versions/A/FSEvents
0x00007fff51c24000 	/System/Library/Frameworks/CoreServices.framework/Versions/A/Frameworks/CarbonCore.framework/Versions/A/CarbonCore
0x00007fff5211d000 	/System/Library/Frameworks/CoreServices.framework/Versions/A/Frameworks/Metadata.framework/Versions/A/Metadata
0x00007fff521c0000 	/System/Library/Frameworks/CoreServices.framework/Versions/A/Frameworks/OSServices.framework/Versions/A/OSServices
0x00007fff5220c000 	/System/Library/Frameworks/CoreServices.framework/Versions/A/Frameworks/SearchKit.framework/Versions/A/SearchKit
0x00007fff51ba5000 	/System/Library/Frameworks/CoreServices.framework/Versions/A/Frameworks/AE.framework/Versions/A/AE
0x00007fff51f51000 	/System/Library/Frameworks/CoreServices.framework/Versions/A/Frameworks/LaunchServices.framework/Versions/A/LaunchServices
0x00007fff51efd000 	/System/Library/Frameworks/CoreServices.framework/Versions/A/Frameworks/DictionaryServices.framework/Versions/A/DictionaryServices
0x00007fff5227b000 	/System/Library/Frameworks/CoreServices.framework/Versions/A/Frameworks/SharedFileList.framework/Versions/A/SharedFileList
0x00007fff569c7000 	/System/Library/Frameworks/NetFS.framework/Versions/A/NetFS
0x00007fff702c4000 	/System/Library/PrivateFrameworks/NetAuth.framework/Versions/A/NetAuth
0x00007fff7a6e8000 	/System/Library/PrivateFrameworks/login.framework/Versions/A/Frameworks/loginsupport.framework/Versions/A/loginsupport
0x00007fff78704000 	/System/Library/PrivateFrameworks/TCC.framework/Versions/A/TCC
0x00007fff64e9f000 	/System/Library/PrivateFrameworks/CoreNLP.framework/Versions/A/CoreNLP
0x00007fff6fd1a000 	/System/Library/PrivateFrameworks/MetadataUtilities.framework/Versions/A/MetadataUtilities
0x00007fff7c0d6000 	/usr/lib/libmecabra.dylib
0x00007fff4ecd1000 	/System/Library/Frameworks/ApplicationServices.framework/Versions/A/Frameworks/ATS.framework/Versions/A/ATS
0x00007fff4f03c000 	/System/Library/Frameworks/ApplicationServices.framework/Versions/A/Frameworks/ColorSyncLegacy.framework/Versions/A/ColorSyncLegacy
0x00007fff4f0dd000 	/System/Library/Frameworks/ApplicationServices.framework/Versions/A/Frameworks/HIServices.framework/Versions/A/HIServices
0x00007fff4f130000 	/System/Library/Frameworks/ApplicationServices.framework/Versions/A/Frameworks/LangAnalysis.framework/Versions/A/LangAnalysis
0x00007fff4f13f000 	/System/Library/Frameworks/ApplicationServices.framework/Versions/A/Frameworks/PrintCore.framework/Versions/A/PrintCore
0x00007fff4f18c000 	/System/Library/Frameworks/ApplicationServices.framework/Versions/A/Frameworks/QD.framework/Versions/A/QD
0x00007fff4f1c8000 	/System/Library/Frameworks/ApplicationServices.framework/Versions/A/Frameworks/SpeechSynthesis.framework/Versions/A/SpeechSynthesis
0x00007fff7b108000 	/usr/lib/libcompression.dylib
0x00007fff507fe000 	/System/Library/Frameworks/CoreDisplay.framework/Versions/A/CoreDisplay
0x00007fff557c8000 	/System/Library/Frameworks/MetalPerformanceShaders.framework/Versions/A/MetalPerformanceShaders
0x00007fff4cc32000 	/System/Library/Frameworks/Accelerate.framework/Versions/A/Frameworks/vImage.framework/Versions/A/vImage
0x00007fff4dcae000 	/System/Library/Frameworks/Accelerate.framework/Versions/A/Frameworks/vecLib.framework/Versions/A/vecLib
0x00007fff4dbf8000 	/System/Library/Frameworks/Accelerate.framework/Versions/A/Frameworks/vecLib.framework/Versions/A/libvMisc.dylib
0x00007fff4da13000 	/System/Library/Frameworks/Accelerate.framework/Versions/A/Frameworks/vecLib.framework/Versions/A/libvDSP.dylib
0x00007fff4d2d3000 	/System/Library/Frameworks/Accelerate.framework/Versions/A/Frameworks/vecLib.framework/Versions/A/libBLAS.dylib
0x00007fff4d5be000 	/System/Library/Frameworks/Accelerate.framework/Versions/A/Frameworks/vecLib.framework/Versions/A/libLAPACK.dylib
0x00007fff4d965000 	/System/Library/Frameworks/Accelerate.framework/Versions/A/Frameworks/vecLib.framework/Versions/A/libLinearAlgebra.dylib
0x00007fff4d9ff000 	/System/Library/Frameworks/Accelerate.framework/Versions/A/Frameworks/vecLib.framework/Versions/A/libSparseBLAS.dylib
0x00007fff4d97b000 	/System/Library/Frameworks/Accelerate.framework/Versions/A/Frameworks/vecLib.framework/Versions/A/libQuadrature.dylib
0x00007fff4d54b000 	/System/Library/Frameworks/Accelerate.framework/Versions/A/Frameworks/vecLib.framework/Versions/A/libBNNS.dylib
0x00007fff4d981000 	/System/Library/Frameworks/Accelerate.framework/Versions/A/Frameworks/vecLib.framework/Versions/A/libSparse.dylib
0x00007fff6c39d000 	/System/Library/PrivateFrameworks/GPUWrangler.framework/Versions/A/GPUWrangler
0x00007fff6e747000 	/System/Library/PrivateFrameworks/IOAccelerator.framework/Versions/A/IOAccelerator
0x00007fff6e752000 	/System/Library/PrivateFrameworks/IOPresentment.framework/Versions/A/IOPresentment
0x00007fff65c82000 	/System/Library/PrivateFrameworks/DSExternalDisplay.framework/Versions/A/DSExternalDisplay
0x00007fff59e7c000 	/System/Library/Frameworks/OpenGL.framework/Versions/A/Libraries/libCoreFSCache.dylib
0x00007fff555bc000 	/System/Library/Frameworks/MetalPerformanceShaders.framework/Frameworks/MPSCore.framework/Versions/A/MPSCore
0x00007fff555dd000 	/System/Library/Frameworks/MetalPerformanceShaders.framework/Frameworks/MPSImage.framework/Versions/A/MPSImage
0x00007fff55684000 	/System/Library/Frameworks/MetalPerformanceShaders.framework/Frameworks/MPSNeuralNetwork.framework/Versions/A/MPSNeuralNetwork
0x00007fff5565b000 	/System/Library/Frameworks/MetalPerformanceShaders.framework/Frameworks/MPSMatrix.framework/Versions/A/MPSMatrix
0x00007fff557ac000 	/System/Library/Frameworks/MetalPerformanceShaders.framework/Frameworks/MPSRayIntersector.framework/Versions/A/MPSRayIntersector
0x00007fff6fd43000 	/System/Library/PrivateFrameworks/MetalTools.framework/Versions/A/MetalTools
0x00007fff608a5000 	/System/Library/PrivateFrameworks/AggregateDictionary.framework/Versions/A/AggregateDictionary
0x00007fff7accc000 	/usr/lib/libMobileGestalt.dylib
0x00007fff52748000 	/System/Library/Frameworks/CoreVideo.framework/Versions/A/CoreVideo
0x00007fff6d201000 	/System/Library/PrivateFrameworks/GraphVisualizer.framework/Versions/A/GraphVisualizer
0x00007fff66fad000 	/System/Library/PrivateFrameworks/FaceCore.framework/Versions/A/FaceCore
0x00007fff59493000 	/System/Library/Frameworks/OpenCL.framework/Versions/A/OpenCL
0x00007fff7aab3000 	/usr/lib/libFosl_dynamic.dylib
0x00007fff70b99000 	/System/Library/PrivateFrameworks/OTSVG.framework/Versions/A/OTSVG
0x00007fff4edd5000 	/System/Library/Frameworks/ApplicationServices.framework/Versions/A/Frameworks/ATS.framework/Versions/A/Resources/libFontParser.dylib
0x00007fff4eef5000 	/System/Library/Frameworks/ApplicationServices.framework/Versions/A/Frameworks/ATS.framework/Versions/A/Resources/libFontRegistry.dylib
0x00007fff536ce000 	/System/Library/Frameworks/ImageIO.framework/Versions/A/Resources/libJPEG.dylib
0x00007fff539f0000 	/System/Library/Frameworks/ImageIO.framework/Versions/A/Resources/libTIFF.dylib
0x00007fff539c6000 	/System/Library/Frameworks/ImageIO.framework/Versions/A/Resources/libPng.dylib
0x00007fff535e3000 	/System/Library/Frameworks/ImageIO.framework/Versions/A/Resources/libGIF.dylib
0x00007fff535e8000 	/System/Library/Frameworks/ImageIO.framework/Versions/A/Resources/libJP2.dylib
0x00007fff539ed000 	/System/Library/Frameworks/ImageIO.framework/Versions/A/Resources/libRadiance.dylib
0x00007fff61302000 	/System/Library/PrivateFrameworks/AppleJPEG.framework/Versions/A/AppleJPEG
0x00007fff59e87000 	/System/Library/Frameworks/OpenGL.framework/Versions/A/Libraries/libGFXShared.dylib
0x00007fff5a04a000 	/System/Library/Frameworks/OpenGL.framework/Versions/A/Libraries/libGLU.dylib
0x00007fff59e90000 	/System/Library/Frameworks/OpenGL.framework/Versions/A/Libraries/libGL.dylib
0x00007fff59e9c000 	/System/Library/Frameworks/OpenGL.framework/Versions/A/Libraries/libGLImage.dylib
0x00007fff59e79000 	/System/Library/Frameworks/OpenGL.framework/Versions/A/Libraries/libCVMSPluginSupport.dylib
0x00007fff59e82000 	/System/Library/Frameworks/OpenGL.framework/Versions/A/Libraries/libCoreVMClient.dylib
0x00007fff7ba5a000 	/usr/lib/libcups.2.dylib
0x00007fff54ad4000 	/System/Library/Frameworks/Kerberos.framework/Versions/A/Kerberos
0x00007fff530a6000 	/System/Library/Frameworks/GSS.framework/Versions/A/GSS
0x00007fff7d1c4000 	/usr/lib/libresolv.9.dylib
0x00007fff7bc51000 	/usr/lib/libiconv.2.dylib
0x00007fff6d2f7000 	/System/Library/PrivateFrameworks/Heimdal.framework/Versions/A/Heimdal
0x00007fff7bc20000 	/usr/lib/libheimdal-asn1.dylib
0x00007fff5950a000 	/System/Library/Frameworks/OpenDirectory.framework/Versions/A/OpenDirectory
0x00007fff63bb0000 	/System/Library/PrivateFrameworks/CommonAuth.framework/Versions/A/CommonAuth
0x00007fff594ed000 	/System/Library/Frameworks/OpenDirectory.framework/Versions/A/Frameworks/CFOpenDirectory.framework/Versions/A/CFOpenDirectory
0x00007fff5c66d000 	/System/Library/Frameworks/SecurityFoundation.framework/Versions/A/SecurityFoundation
0x00007fff5fdc4000 	/System/Library/PrivateFrameworks/APFS.framework/Versions/A/APFS
0x00007fff7d694000 	/usr/lib/libutil.dylib
0x00007fff7b0f6000 	/usr/lib/libcharset.1.dylib
0x00007fff6159b000 	/System/Library/PrivateFrameworks/AppleSauce.framework/Versions/A/AppleSauce
0x00007fff61729000 	/System/Library/PrivateFrameworks/AssertionServices.framework/Versions/A/AssertionServices
0x00007fff61f90000 	/System/Library/PrivateFrameworks/BaseBoard.framework/Versions/A/BaseBoard
0x00007fff7c025000 	/usr/lib/libmecab.1.0.0.dylib
0x00007fff7bc1a000 	/usr/lib/libgermantok.dylib
0x00007fff7aeb8000 	/usr/lib/libThaiTokenizer.dylib
0x00007fff7a9df000 	/usr/lib/libChineseTokenizer.dylib
0x00007fff6ee7a000 	/System/Library/PrivateFrameworks/LanguageModeling.framework/Versions/A/LanguageModeling
0x00007fff648b6000 	/System/Library/PrivateFrameworks/CoreEmoji.framework/Versions/A/CoreEmoji
0x00007fff6ef72000 	/System/Library/PrivateFrameworks/Lexicon.framework/Versions/A/Lexicon
0x00007fff6efba000 	/System/Library/PrivateFrameworks/LinguisticData.framework/Versions/A/LinguisticData
0x00007fff7b0f7000 	/usr/lib/libcmph.dylib
0x00007fff5c72e000 	/System/Library/Frameworks/ServiceManagement.framework/Versions/A/ServiceManagement
0x00007fff61ee3000 	/System/Library/PrivateFrameworks/BackgroundTaskManagement.framework/Versions/A/BackgroundTaskManagement
0x00007fff7d78e000 	/usr/lib/libxslt.1.dylib
0x00007fff4fec4000 	/System/Library/Frameworks/Carbon.framework/Versions/A/Frameworks/Ink.framework/Versions/A/Ink
0x00007fff78980000 	/System/Library/PrivateFrameworks/TextureIO.framework/Versions/A/TextureIO
0x00007fff7af0d000 	/usr/lib/libate.dylib
0x00007fff65bde000 	/System/Library/PrivateFrameworks/CrashReporterSupport.framework/Versions/A/CrashReporterSupport
0x00007fff759b0000 	/System/Library/PrivateFrameworks/Sharing.framework/Versions/A/Sharing
0x00007fff61a6f000 	/System/Library/PrivateFrameworks/AuthKit.framework/Versions/A/AuthKit
0x00007fff60ea1000 	/System/Library/PrivateFrameworks/Apple80211.framework/Versions/A/Apple80211
0x00007fff659a4000 	/System/Library/PrivateFrameworks/CoreUtils.framework/Versions/A/CoreUtils
0x00007fff52786000 	/System/Library/Frameworks/CoreWLAN.framework/Versions/A/CoreWLAN
0x00007fff531ef000 	/System/Library/Frameworks/IOBluetooth.framework/Versions/A/IOBluetooth
0x00007fff73d1a000 	/System/Library/PrivateFrameworks/ProtocolBuffer.framework/Versions/A/ProtocolBuffer
0x00007fff6ff7f000 	/System/Library/PrivateFrameworks/MobileKeyBag.framework/Versions/A/MobileKeyBag
0x00007fff651cc000 	/System/Library/PrivateFrameworks/CorePhoneNumbers.framework/Versions/A/CorePhoneNumbers
0x00007fff612b6000 	/System/Library/PrivateFrameworks/AppleIDAuthSupport.framework/Versions/A/AppleIDAuthSupport
0x00007fff6ee4c000 	/System/Library/PrivateFrameworks/KeychainCircle.framework/Versions/A/KeychainCircle
0x00007fff73ee7000 	/System/Library/PrivateFrameworks/ROCKit.framework/Versions/A/ROCKit
0x00007fff65b7a000 	/System/Library/PrivateFrameworks/CoreWiFi.framework/Versions/A/CoreWiFi
0x00007fff50431000 	/System/Library/Frameworks/CoreBluetooth.framework/Versions/A/CoreBluetooth
0x00007fff65dce000 	/System/Library/PrivateFrameworks/DebugSymbols.framework/Versions/A/DebugSymbols
0x00007fff65759000 	/System/Library/PrivateFrameworks/CoreSymbolication.framework/Versions/A/CoreSymbolication
0x00007fff7816e000 	/System/Library/PrivateFrameworks/Symbolication.framework/Versions/A/Symbolication
0x00007fff77300000 	/System/Library/PrivateFrameworks/SpeechRecognitionCore.framework/Versions/A/SpeechRecognitionCore
0x0000000109800000 	/Library/Java/JavaVirtualMachines/jdk1.8.0_191.jdk/Contents/Home/jre/lib/server/libjvm.dylib
0x00007fff7d558000 	/usr/lib/libstdc++.6.dylib
0x0000000108e4f000 	/Library/Java/JavaVirtualMachines/jdk1.8.0_191.jdk/Contents/Home/jre/lib/libverify.dylib
0x0000000108e5d000 	/Library/Java/JavaVirtualMachines/jdk1.8.0_191.jdk/Contents/Home/jre/lib/libjava.dylib
0x0000000108e94000 	/Library/Java/JavaVirtualMachines/jdk1.8.0_191.jdk/Contents/Home/jre/lib/libjdwp.dylib
0x0000000108edf000 	/Library/Java/JavaVirtualMachines/jdk1.8.0_191.jdk/Contents/Home/jre/lib/libnpt.dylib
0x0000000108ee3000 	/Library/Java/JavaVirtualMachines/jdk1.8.0_191.jdk/Contents/Home/jre/lib/libinstrument.dylib
0x0000000108f81000 	/Library/Java/JavaVirtualMachines/jdk1.8.0_191.jdk/Contents/Home/jre/lib/libzip.dylib
0x0000000111088000 	/Library/Java/JavaVirtualMachines/jdk1.8.0_191.jdk/Contents/Home/jre/lib/libdt_socket.dylib

VM Arguments:
jvm_args: -agentlib:jdwp=transport=dt_socket,suspend=y,address=localhost:58823 -javaagent:/Users/jonathanrudolph/eclipse/java-2018-09/Eclipse.app/Contents/Eclipse/configuration/org.eclipse.osgi/231/0/.cp/lib/javaagent-shaded.jar -Dfile.encoding=UTF-8 
java_command: Weihnachtsbaum
java_class_path (initial): /Users/jonathanrudolph/eclipse-workspace/Weihnachtsbaum/bin:/Users/jonathanrudolph/eclipse/java-2018-09/Eclipse.app/Contents/Eclipse/configuration/org.eclipse.osgi/231/0/.cp/lib/javaagent-shaded.jar
Launcher Type: SUN_STANDARD

Environment Variables:
PATH=/usr/bin:/bin:/usr/sbin:/sbin
SHELL=/bin/bash

Signal Handlers:
SIGSEGV: [libjvm.dylib+0x5b5de9], sa_mask[0]=11111111011111110111111111111111, sa_flags=SA_ONSTACK|SA_RESTART|SA_SIGINFO
SIGBUS: [libjvm.dylib+0x5b5de9], sa_mask[0]=11111111011111110111111111111111, sa_flags=SA_RESTART|SA_SIGINFO
SIGFPE: [libjvm.dylib+0x48b6b0], sa_mask[0]=11111111011111110111111111111111, sa_flags=SA_RESTART|SA_SIGINFO
SIGPIPE: [libjvm.dylib+0x48b6b0], sa_mask[0]=11111111011111110111111111111111, sa_flags=SA_RESTART|SA_SIGINFO
SIGXFSZ: [libjvm.dylib+0x48b6b0], sa_mask[0]=11111111011111110111111111111111, sa_flags=SA_RESTART|SA_SIGINFO
SIGILL: [libjvm.dylib+0x48b6b0], sa_mask[0]=11111111011111110111111111111111, sa_flags=SA_RESTART|SA_SIGINFO
SIGUSR1: SIG_DFL, sa_mask[0]=00000000000000000000000000000000, sa_flags=none
SIGUSR2: [libjvm.dylib+0x48b1ce], sa_mask[0]=00100000000000000000000000000000, sa_flags=SA_RESTART|SA_SIGINFO
SIGHUP: [libjvm.dylib+0x489759], sa_mask[0]=11111111011111110111111111111111, sa_flags=SA_RESTART|SA_SIGINFO
SIGINT: [libjvm.dylib+0x489759], sa_mask[0]=11111111011111110111111111111111, sa_flags=SA_RESTART|SA_SIGINFO
SIGTERM: [libjvm.dylib+0x489759], sa_mask[0]=11111111011111110111111111111111, sa_flags=SA_RESTART|SA_SIGINFO
SIGQUIT: [libjvm.dylib+0x489759], sa_mask[0]=11111111011111110111111111111111, sa_flags=SA_RESTART|SA_SIGINFO


---------------  S Y S T E M  ---------------

OS:Bsduname:Darwin 18.0.0 Darwin Kernel Version 18.0.0: Wed Aug 22 20:13:40 PDT 2018; root:xnu-4903.201.2~1/RELEASE_X86_64 x86_64
rlimit: STACK 8192k, CORE 0k, NPROC 709, NOFILE 10240, AS infinity
load average:1.95 2.14 2.14

CPU:total 4 (initial active 4) (2 cores per cpu, 2 threads per core) family 6 model 142 stepping 9, cmov, cx8, fxsr, mmx, sse, sse2, sse3, ssse3, sse4.1, sse4.2, popcnt, avx, avx2, aes, clmul, erms, 3dnowpref, lzcnt, ht, tsc, tscinvbit, bmi1, bmi2, adx

Memory: 4k page, physical 8388608k(134184k free)

/proc/meminfo:


vm_info: Java HotSpot(TM) 64-Bit Server VM (25.191-b12) for bsd-amd64 JRE (1.8.0_191-b12), built on Oct  6 2018 08:37:07 by "java_re" with gcc 4.2.1 (Based on Apple Inc. build 5658) (LLVM build 2336.11.00)

time: Thu Dec 27 00:13:27 2018
elapsed time: 1240 seconds (0d 0h 20m 40s)

